31/12/23 12:00:36 AM Sunday - WebDriverClass - INFO : Chrome Driver is initializing
31/12/23 12:00:53 AM Sunday - BaseClass - INFO : Web Page Launched with URL : https://rahulshettyacademy.com/seleniumPractise/#/
31/12/23 12:04:02 AM Sunday - WebDriverClass - INFO : Chrome Driver is initializing
31/12/23 12:04:12 AM Sunday - BaseClass - INFO : Web Page Launched with URL : https://rahulshettyacademy.com/seleniumPractise/#/
31/12/23 12:04:12 AM Sunday - BaseClass - INFO : WebElement found with locator value input[type='search'] using locatorType css
31/12/23 12:04:13 AM Sunday - BaseClass - INFO : Sent the text Tomato in WebElement with locator value input[type='search'] using locatorType css
31/12/23 11:35:27 AM Sunday - WebDriverClass - INFO : Chrome Driver is initializing
31/12/23 11:35:40 AM Sunday - BaseClass - INFO : Web Page Launched with URL : https://rahulshettyacademy.com/seleniumPractise/#/
31/12/23 11:35:40 AM Sunday - BaseClass - INFO : WebElement found with locator value input[type='search'] using locatorType css
31/12/23 11:35:41 AM Sunday - BaseClass - INFO : Sent the text Tomato in WebElement with locator value input[type='search'] using locatorType css
31/12/23 12:22:10 PM Sunday - WebDriverClass - INFO : Chrome Driver is initializing
31/12/23 12:22:28 PM Sunday - BaseClass - INFO : Web Page Launched with URL : https://rahulshettyacademy.com/seleniumPractise/#/
31/12/23 12:22:29 PM Sunday - BaseClass - INFO : WebElement found with locator value input[type='search'] using locatorType css
31/12/23 12:22:29 PM Sunday - BaseClass - INFO : Sent the text Tomato in WebElement with locator value input[type='search'] using locatorType css
31/12/23 12:27:38 PM Sunday - WebDriverClass - INFO : Chrome Driver is initializing
31/12/23 12:27:50 PM Sunday - BaseClass - INFO : Web Page Launched with URL : https://rahulshettyacademy.com/seleniumPractise/#/
31/12/23 12:27:50 PM Sunday - BaseClass - INFO : WebElement found with locator value input[type='search'] using locatorType css
31/12/23 12:27:50 PM Sunday - BaseClass - INFO : Sent the text Tomato in WebElement with locator value input[type='search'] using locatorType css
31/12/23 12:29:10 PM Sunday - WebDriverClass - INFO : Chrome Driver is initializing
31/12/23 12:29:20 PM Sunday - BaseClass - INFO : Web Page Launched with URL : https://rahulshettyacademy.com/seleniumPractise/#/
31/12/23 12:29:20 PM Sunday - BaseClass - INFO : WebElement found with locator value input[type='search'] using locatorType css
31/12/23 12:29:21 PM Sunday - BaseClass - INFO : Sent the text Tomato in WebElement with locator value input[type='search'] using locatorType css
31/12/23 01:01:19 PM Sunday - WebDriverClass - INFO : Chrome Driver is initializing
31/12/23 01:01:35 PM Sunday - BaseClass - INFO : Web Page Launched with URL : https://rahulshettyacademy.com/seleniumPractise/#/
31/12/23 01:01:36 PM Sunday - BaseClass - INFO : WebElement found with locator value input[type='search'] using locatorType css
31/12/23 01:01:36 PM Sunday - BaseClass - INFO : Sent the text Tomato in WebElement with locator value input[type='search'] using locatorType css
02/01/24 12:17:50 AM Tuesday - WebDriverClass - INFO : Chrome Driver is initializing
02/01/24 12:18:04 AM Tuesday - BaseClass - INFO : Web Page Launched with URL : https://rahulshettyacademy.com/seleniumPractise/#/
02/01/24 12:20:35 AM Tuesday - WebDriverClass - INFO : Chrome Driver is initializing
02/01/24 12:20:44 AM Tuesday - BaseClass - INFO : Web Page Launched with URL : https://rahulshettyacademy.com/seleniumPractise/#/
02/01/24 12:20:44 AM Tuesday - Search - INFO : WebElement found with locator value input[type='search'] using locatorType css
02/01/24 12:21:56 AM Tuesday - WebDriverClass - INFO : Chrome Driver is initializing
02/01/24 12:22:01 AM Tuesday - BaseClass - INFO : Web Page Launched with URL : https://rahulshettyacademy.com/seleniumPractise/#/
02/01/24 12:29:08 AM Tuesday - WebDriverClass - INFO : Chrome Driver is initializing
02/01/24 12:29:17 AM Tuesday - BaseClass - INFO : Web Page Launched with URL : https://rahulshettyacademy.com/seleniumPractise/#/
02/01/24 12:36:20 AM Tuesday - WebDriverClass - INFO : Chrome Driver is initializing
02/01/24 12:36:29 AM Tuesday - BaseClass - INFO : Web Page Launched with URL : https://rahulshettyacademy.com/seleniumPractise/#/
